<?xml version="1.0" encoding="UTF-8"?>
<!-- Generated by org.testng.reporters.JUnitXMLReporter -->
<testsuite hostname="DESKTOP-MOGPDCJ" ignored="0" name="Default test" tests="2" failures="0" timestamp="25 Oct 2018 17:07:29 GMT" time="2.258" errors="0">
  <testcase name="Verify_Offline_Website_LoginURL" time="0.081" classname="testcases.Offline_Website_Login_Testcases"/>
  <testcase name="Verify_Successful_Login" time="2.106" classname="testcases.Offline_Website_Login_Testcases"/>
</testsuite> <!-- Default test -->
