<?xml version="1.0" encoding="UTF-8"?>
<testng-results skipped="0" failed="0" ignored="0" total="2" passed="2">
  <reporter-output>
  </reporter-output>
  <suite name="Suite" duration-ms="2394" started-at="2018-10-25T17:26:16Z" finished-at="2018-10-25T17:26:18Z">
    <groups>
    </groups>
    <test name="Test" duration-ms="2394" started-at="2018-10-25T17:26:16Z" finished-at="2018-10-25T17:26:18Z">
      <class name="testcases.Offline_Website_Login_Testcases">
        <test-method status="PASS" signature="openBrowser()[pri:0, instance:testcases.Offline_Website_Login_Testcases@543c6f6d]" name="openBrowser" is-config="true" duration-ms="7688" started-at="2018-10-25T17:26:08Z" finished-at="2018-10-25T17:26:16Z">
          <reporter-output>
          </reporter-output>
        </test-method> <!-- openBrowser -->
        <test-method status="PASS" signature="beforeTest()[pri:0, instance:testcases.Offline_Website_Login_Testcases@543c6f6d]" name="beforeTest" is-config="true" duration-ms="0" started-at="2018-10-25T17:26:16Z" finished-at="2018-10-25T17:26:16Z">
          <reporter-output>
          </reporter-output>
        </test-method> <!-- beforeTest -->
        <test-method status="PASS" signature="beforeClass()[pri:0, instance:testcases.Offline_Website_Login_Testcases@543c6f6d]" name="beforeClass" is-config="true" duration-ms="0" started-at="2018-10-25T17:26:16Z" finished-at="2018-10-25T17:26:16Z">
          <reporter-output>
          </reporter-output>
        </test-method> <!-- beforeClass -->
        <test-method status="PASS" signature="Verify_Offline_Website_LoginURL()[pri:0, instance:testcases.Offline_Website_Login_Testcases@543c6f6d]" name="Verify_Offline_Website_LoginURL" duration-ms="22" started-at="2018-10-25T17:26:16Z" finished-at="2018-10-25T17:26:16Z">
          <reporter-output>
          </reporter-output>
        </test-method> <!-- Verify_Offline_Website_LoginURL -->
        <test-method status="PASS" signature="beforeMethod()[pri:0, instance:testcases.Offline_Website_Login_Testcases@543c6f6d]" name="beforeMethod" is-config="true" duration-ms="0" started-at="2018-10-25T17:26:16Z" finished-at="2018-10-25T17:26:16Z">
          <reporter-output>
          </reporter-output>
        </test-method> <!-- beforeMethod -->
        <test-method status="PASS" signature="afterMethod()[pri:0, instance:testcases.Offline_Website_Login_Testcases@543c6f6d]" name="afterMethod" is-config="true" duration-ms="2" started-at="2018-10-25T17:26:16Z" finished-at="2018-10-25T17:26:16Z">
          <reporter-output>
          </reporter-output>
        </test-method> <!-- afterMethod -->
        <test-method status="PASS" signature="Verify_Successful_Login()[pri:0, instance:testcases.Offline_Website_Login_Testcases@543c6f6d]" name="Verify_Successful_Login" duration-ms="2338" started-at="2018-10-25T17:26:16Z" finished-at="2018-10-25T17:26:18Z">
          <reporter-output>
          </reporter-output>
        </test-method> <!-- Verify_Successful_Login -->
        <test-method status="PASS" signature="beforeMethod()[pri:0, instance:testcases.Offline_Website_Login_Testcases@543c6f6d]" name="beforeMethod" is-config="true" duration-ms="0" started-at="2018-10-25T17:26:16Z" finished-at="2018-10-25T17:26:16Z">
          <reporter-output>
          </reporter-output>
        </test-method> <!-- beforeMethod -->
        <test-method status="PASS" signature="afterMethod()[pri:0, instance:testcases.Offline_Website_Login_Testcases@543c6f6d]" name="afterMethod" is-config="true" duration-ms="0" started-at="2018-10-25T17:26:18Z" finished-at="2018-10-25T17:26:18Z">
          <reporter-output>
          </reporter-output>
        </test-method> <!-- afterMethod -->
        <test-method status="PASS" signature="afterClass()[pri:0, instance:testcases.Offline_Website_Login_Testcases@543c6f6d]" name="afterClass" is-config="true" duration-ms="0" started-at="2018-10-25T17:26:18Z" finished-at="2018-10-25T17:26:18Z">
          <reporter-output>
          </reporter-output>
        </test-method> <!-- afterClass -->
        <test-method status="PASS" signature="afterTest()[pri:0, instance:testcases.Offline_Website_Login_Testcases@543c6f6d]" name="afterTest" is-config="true" duration-ms="0" started-at="2018-10-25T17:26:18Z" finished-at="2018-10-25T17:26:18Z">
          <reporter-output>
          </reporter-output>
        </test-method> <!-- afterTest -->
        <test-method status="PASS" signature="tearDown()[pri:0, instance:testcases.Offline_Website_Login_Testcases@543c6f6d]" name="tearDown" is-config="true" duration-ms="13" started-at="2018-10-25T17:26:18Z" finished-at="2018-10-25T17:26:18Z">
          <reporter-output>
          </reporter-output>
        </test-method> <!-- tearDown -->
      </class> <!-- testcases.Offline_Website_Login_Testcases -->
    </test> <!-- Test -->
  </suite> <!-- Suite -->
</testng-results>
