<?xml version="1.0" encoding="UTF-8"?>
<!-- Generated by org.testng.reporters.JUnitXMLReporter -->
<testsuite hostname="DESKTOP-MOGPDCJ" ignored="0" name="Test" tests="2" failures="0" timestamp="25 Oct 2018 17:26:18 GMT" time="2.394" errors="0">
  <testcase name="Verify_Offline_Website_LoginURL" time="0.022" classname="testcases.Offline_Website_Login_Testcases"/>
  <testcase name="Verify_Successful_Login" time="2.338" classname="testcases.Offline_Website_Login_Testcases"/>
</testsuite> <!-- Test -->
